<?xml version="1.0" encoding="UTF-8"?>
<!-- Generated by org.testng.reporters.JUnitReportReporter -->
<testsuite skipped="0" hostname="Techs-iMac.local.tld" name="scripts.TechGlobalLoginFormTest" tests="6" failures="0" timestamp="2023-01-24T17:20:49 CST" time="27.675" errors="0">
  <testcase name="validateLoginFormCard" time="4.250" classname="scripts.TechGlobalLoginFormTest"/>
  <system-out/>
  <testcase name="validateLoginFormWithValidCredentials" time="4.850" classname="scripts.TechGlobalLoginFormTest"/>
  <system-out/>
  <testcase name="validateLoginLogout" time="4.850" classname="scripts.TechGlobalLoginFormTest"/>
  <system-out/>
  <testcase name="validateLoginFormWithWrongUsername" time="4.412" classname="scripts.TechGlobalLoginFormTest"/>
  <system-out/>
  <testcase name="validateLoginFormWithWrongPassword" time="4.995" classname="scripts.TechGlobalLoginFormTest"/>
  <system-out/>
  <testcase name="validateLoginFormWithInvalidCredentials" time="4.318" classname="scripts.TechGlobalLoginFormTest"/>
  <system-out/>
</testsuite> <!-- scripts.TechGlobalLoginFormTest -->
