<?xml version="1.0" encoding="UTF-8"?>
<!-- Generated by org.testng.reporters.JUnitReportReporter -->
<testsuite skipped="0" hostname="Techs-iMac.local.tld" name="scripts.TechGlobalForgotPasswordTest" tests="2" failures="0" timestamp="2023-01-24T17:20:49 CST" time="10.490" errors="0">
  <testcase name="validateForgotPasswordForm" time="5.780" classname="scripts.TechGlobalForgotPasswordTest"/>
  <system-out/>
  <testcase name="validateSuccessfulEmailSubmision" time="4.710" classname="scripts.TechGlobalForgotPasswordTest"/>
  <system-out/>
</testsuite> <!-- scripts.TechGlobalForgotPasswordTest -->
